0 info it worked if it ends with ok
1 verbose cli [ 'C:\\Program Files\\nodejs\\node.exe',
1 verbose cli   'C:\\Users\\darod01\\AppData\\Roaming\\npm\\node_modules\\npm\\bin\\npm-cli.js',
1 verbose cli   'run',
1 verbose cli   'build' ]
2 info using npm@3.10.6
3 info using node@v4.5.0
4 verbose run-script [ 'prebuild', 'build', 'postbuild' ]
5 info lifecycle tvify@0.1.0~prebuild: tvify@0.1.0
6 silly lifecycle tvify@0.1.0~prebuild: no script for prebuild, continuing
7 info lifecycle tvify@0.1.0~build: tvify@0.1.0
8 verbose lifecycle tvify@0.1.0~build: unsafe-perm in lifecycle true
9 verbose lifecycle tvify@0.1.0~build: PATH: C:\Users\darod01\AppData\Roaming\npm\node_modules\npm\bin\node-gyp-bin;C:\Sun\Tvify\node_modules\.bin;C:\Users\darod01\Documents\cmder\bin;C:\Users\darod01\Documents\cmder\vendor\conemu-maximus5\ConEmu\Scripts;C:\Users\darod01\Documents\cmder\vendor\conemu-maximus5;C:\Users\darod01\Documents\cmder\vendor\conemu-maximus5\ConEmu;C:\ProgramData\Oracle\Java\javapath;C:\Program Files\Common Files\Microsoft Shared\Windows Live;C:\Program Files (x86)\Common Files\Microsoft Shared\Windows Live;C:\Program Files\Common Files\Microsoft Shared\Microsoft Online Services;C:\Program Files (x86)\Common Files\Microsoft Shared\Microsoft Online Services;C:\Windows\system32;C:\Windows;C:\Windows\System32\Wbem;C:\Windows\System32\WindowsPowerShell\v1.0\;C:\Program Files (x86)\Microsoft ASP.NET\ASP.NET Web Pages\v1.0\;C:\Program Files (x86)\Windows Kits\8.0\Windows Performance Toolkit\;C:\Program Files\Microsoft\Web Platform Installer\;C:\Program Files (x86)\GNU\GnuPG\pub;C:\Program Files (x86)\Windows Live\Shared;C:\Program Files (x86)\ExchangeMapi\;C:\Program Files (x86)\PuTTY\;C:\Program Files\nodejs\;C:\Program Files (x86)\Intel\OpenCL SDK\2.0\bin\x86;C:\Program Files (x86)\Intel\OpenCL SDK\2.0\bin\x64;C:\Program Files (x86)\Verint\Logger\;C:\Program Files (x86)\Verint\Playback\;C:\Users\darod01\AppData\Local\Programs\Git\cmd;C:\Users\darod01\AppData\Roaming\npm;C:\Users\darod01\AppData\Local\Programs\Git\usr\bin;C:\Users\darod01\AppData\Local\Programs\Git\usr\share\vim\vim74;C:\Users\darod01\Documents\cmder\
10 verbose lifecycle tvify@0.1.0~build: CWD: C:\Sun\Tvify
11 silly lifecycle tvify@0.1.0~build: Args: [ '/d /s /c',
11 silly lifecycle   'npm run public && npm run build-js && npm run copy-files' ]
12 silly lifecycle tvify@0.1.0~build: Returned: code: 1  signal: null
13 info lifecycle tvify@0.1.0~build: Failed to exec build script
14 verbose stack Error: tvify@0.1.0 build: `npm run public && npm run build-js && npm run copy-files`
14 verbose stack Exit status 1
14 verbose stack     at EventEmitter.<anonymous> (C:\Users\darod01\AppData\Roaming\npm\node_modules\npm\lib\utils\lifecycle.js:255:16)
14 verbose stack     at emitTwo (events.js:87:13)
14 verbose stack     at EventEmitter.emit (events.js:172:7)
14 verbose stack     at ChildProcess.<anonymous> (C:\Users\darod01\AppData\Roaming\npm\node_modules\npm\lib\utils\spawn.js:40:14)
14 verbose stack     at emitTwo (events.js:87:13)
14 verbose stack     at ChildProcess.emit (events.js:172:7)
14 verbose stack     at maybeClose (internal/child_process.js:829:16)
14 verbose stack     at Process.ChildProcess._handle.onexit (internal/child_process.js:211:5)
15 verbose pkgid tvify@0.1.0
16 verbose cwd C:\Sun\Tvify
17 error Windows_NT 6.1.7601
18 error argv "C:\\Program Files\\nodejs\\node.exe" "C:\\Users\\darod01\\AppData\\Roaming\\npm\\node_modules\\npm\\bin\\npm-cli.js" "run" "build"
19 error node v4.5.0
20 error npm  v3.10.6
21 error code ELIFECYCLE
22 error tvify@0.1.0 build: `npm run public && npm run build-js && npm run copy-files`
22 error Exit status 1
23 error Failed at the tvify@0.1.0 build script 'npm run public && npm run build-js && npm run copy-files'.
23 error Make sure you have the latest version of node.js and npm installed.
23 error If you do, this is most likely a problem with the tvify package,
23 error not with npm itself.
23 error Tell the author that this fails on your system:
23 error     npm run public && npm run build-js && npm run copy-files
23 error You can get information on how to open an issue for this project with:
23 error     npm bugs tvify
23 error Or if that isn't available, you can get their info via:
23 error     npm owner ls tvify
23 error There is likely additional logging output above.
24 verbose exit [ 1, true ]
